<?xml version="1.0" encoding="UTF-8" ?>
<testsuite tests="7" failures="0" name="com.example.BankAccountTest" time="0.01" errors="0" skipped="0">
  <properties>
[...]
</properties>
  <testcase classname="com.example.BankAccountTest" name="com.example.BankAccountTest.testMultipleTransactions" time="0"/>
  <testcase classname="com.example.BankAccountTest" name="com.example.BankAccountTest.testHighVolumeOfTransactions" time="0"/>
  <testcase classname="com.example.BankAccountTest" name="com.example.BankAccountTest.testCreateAccountWithInitialBalance" time="0"/>
  <testcase classname="com.example.BankAccountTest" name="com.example.BankAccountTest.testCreateAccountWithNegativeBalance" time="0"/>
  <testcase classname="com.example.BankAccountTest" name="com.example.BankAccountTest.testWithdraw" time="0"/>
  <testcase classname="com.example.BankAccountTest" name="com.example.BankAccountTest.testDeposit" time="0"/>
  <testcase classname="com.example.BankAccountTest" name="com.example.BankAccountTest.testWithdrawInsufficientFunds" time="0.01"/>
</testsuite>